GROUP,PACKAGE,CLASS,INSTRUCTION_MISSED,INSTRUCTION_COVERED,BRANCH_MISSED,BRANCH_COVERED,LINE_MISSED,LINE_COVERED,COMPLEXITY_MISSED,COMPLEXITY_COVERED,METHOD_MISSED,METHOD_COVERED
franquicias-api,com.franquicias.infrastructure.db,MongoFranchiseAdapter,11,53,0,0,3,7,1,6,1,6
franquicias-api,com.franquicias.domain.service,FranchiseService,11,550,4,6,0,97,4,46,0,45
franquicias-api,com.franquicias.config,ModelMapperConfig,0,7,0,0,0,2,0,2,0,2
franquicias-api,com.franquicias.api,FranchiseController,0,93,0,0,0,14,0,11,0,11
franquicias-api,com.franquicias.entrypoints.rest,HealthController,0,6,0,0,0,2,0,2,0,2
franquicias-api,com.franquicias,FranquiciasApiApplication,0,8,0,0,0,3,0,2,0,2
