<?xml version="1.0" encoding="UTF-8"?>
<testsuite xmlns:xsi="http://www.w3.org/2001/XMLSchema-instance" xsi:noNamespaceSchemaLocation="https://maven.apache.org/surefire/maven-surefire-plugin/xsd/surefire-test-report.xsd" version="3.0.2" name="com.franquicias.entrypoints.rest.HealthControllerTest" time="0.251" tests="2" errors="0" skipped="0" failures="0">
  <properties>
[...]
</properties>
  <testcase name="health_returnsOk" classname="com.franquicias.entrypoints.rest.HealthControllerTest" time="0.012">
    <system-out><![CDATA[2025-05-17 17:03:49.385 [main] INFO  o.s.t.c.s.AnnotationConfigContextLoaderUtils - Could not detect default configuration classes for test class [com.franquicias.entrypoints.rest.HealthControllerTest]: HealthControllerTest does not declare any static, non-private, non-final, nested classes annotated with @Configuration.
2025-05-17 17:03:49.406 [main] INFO  o.s.b.t.c.SpringBootTestContextBootstrapper - Found @SpringBootConfiguration com.franquicias.FranquiciasApiApplication for test class com.franquicias.entrypoints.rest.HealthControllerTest

  .   ____          _            __ _ _
 /\\ / ___'_ __ _ _(_)_ __  __ _ \ \ \ \
( ( )\___ | '_ | '_| | '_ \/ _` | \ \ \ \
 \\/  ___)| |_)| | | | | || (_| |  ) ) ) )
  '  |____| .__|_| |_|_| |_\__, | / / / /
 =========|_|==============|___/=/_/_/_/

 :: Spring Boot ::                (v3.4.5)

2025-05-17 17:03:49.446 [main] INFO  c.f.e.rest.HealthControllerTest - Starting HealthControllerTest using Java 21.0.7 with PID 32584 (started by pipea in C:\Repos2\franquicias-api)
2025-05-17 17:03:49.446 [main] DEBUG c.f.e.rest.HealthControllerTest - Running with Spring Boot v3.4.5, Spring v6.2.6
2025-05-17 17:03:49.446 [main] INFO  c.f.e.rest.HealthControllerTest - No active profile set, falling back to 1 default profile: "default"
2025-05-17 17:03:49.609 [main] INFO  c.f.e.rest.HealthControllerTest - Started HealthControllerTest in 0.199 seconds (process running for 8.955)
]]></system-out>
  </testcase>
  <testcase name="health_isMono" classname="com.franquicias.entrypoints.rest.HealthControllerTest" time="0.009"/>
</testsuite>